  소스.c
C:\Users\jp430\OneDrive\바탕 화면\OpenGL Project - DA572D\OpenGL Project - DA572D\소스.c(24,27): warning C4113: 'void (__cdecl *)()'은(는) 'void (__cdecl *)(void)'과(와) 매개 변수 목록이 다릅니다.
C:\Users\jp430\OneDrive\바탕 화면\OpenGL Project - DA572D\OpenGL Project - DA572D\소스.c(26,31): warning C4244: '함수': 'float'에서 'int'(으)로 변환하면서 데이터가 손실될 수 있습니다.
C:\Users\jp430\OneDrive\바탕 화면\OpenGL Project - DA572D\OpenGL Project - DA572D\소스.c(29,2): warning C4098: 'main': 'void' 함수에서 값을 반환하고 있습니다.
C:\Users\jp430\OneDrive\바탕 화면\OpenGL Project - DA572D\OpenGL Project - DA572D\소스.c(61,16): warning C4244: '함수': 'double'에서 'GLfloat'(으)로 변환하면서 데이터가 손실될 수 있습니다.
C:\Users\jp430\OneDrive\바탕 화면\OpenGL Project - DA572D\OpenGL Project - DA572D\소스.c(61,47): warning C4244: '함수': 'double'에서 'GLfloat'(으)로 변환하면서 데이터가 손실될 수 있습니다.
C:\Users\jp430\OneDrive\바탕 화면\OpenGL Project - DA572D\OpenGL Project - DA572D\소스.c(62,16): warning C4244: '함수': 'double'에서 'GLfloat'(으)로 변환하면서 데이터가 손실될 수 있습니다.
C:\Users\jp430\OneDrive\바탕 화면\OpenGL Project - DA572D\OpenGL Project - DA572D\소스.c(62,45): warning C4244: '함수': 'double'에서 'GLfloat'(으)로 변환하면서 데이터가 손실될 수 있습니다.
C:\Users\jp430\OneDrive\바탕 화면\OpenGL Project - DA572D\OpenGL Project - DA572D\소스.c(63,18): warning C4244: '함수': 'double'에서 'GLfloat'(으)로 변환하면서 데이터가 손실될 수 있습니다.
C:\Users\jp430\OneDrive\바탕 화면\OpenGL Project - DA572D\OpenGL Project - DA572D\소스.c(63,50): warning C4244: '함수': 'double'에서 'GLfloat'(으)로 변환하면서 데이터가 손실될 수 있습니다.
C:\Users\jp430\OneDrive\바탕 화면\OpenGL Project - DA572D\OpenGL Project - DA572D\소스.c(64,25): warning C4244: '함수': 'double'에서 'GLfloat'(으)로 변환하면서 데이터가 손실될 수 있습니다.
C:\Users\jp430\OneDrive\바탕 화면\OpenGL Project - DA572D\OpenGL Project - DA572D\소스.c(64,63): warning C4244: '함수': 'double'에서 'GLfloat'(으)로 변환하면서 데이터가 손실될 수 있습니다.
C:\Users\jp430\OneDrive\바탕 화면\OpenGL Project - DA572D\OpenGL Project - DA572D\소스.c(65,25): warning C4244: '함수': 'double'에서 'GLfloat'(으)로 변환하면서 데이터가 손실될 수 있습니다.
C:\Users\jp430\OneDrive\바탕 화면\OpenGL Project - DA572D\OpenGL Project - DA572D\소스.c(65,69): warning C4244: '함수': 'double'에서 'GLfloat'(으)로 변환하면서 데이터가 손실될 수 있습니다.
C:\Users\jp430\OneDrive\바탕 화면\OpenGL Project - DA572D\OpenGL Project - DA572D\소스.c(66,19): warning C4244: '함수': 'double'에서 'GLfloat'(으)로 변환하면서 데이터가 손실될 수 있습니다.
C:\Users\jp430\OneDrive\바탕 화면\OpenGL Project - DA572D\OpenGL Project - DA572D\소스.c(66,56): warning C4244: '함수': 'double'에서 'GLfloat'(으)로 변환하면서 데이터가 손실될 수 있습니다.
C:\Users\jp430\OneDrive\바탕 화면\OpenGL Project - DA572D\OpenGL Project - DA572D\소스.c(71,16): warning C4244: '함수': 'double'에서 'GLfloat'(으)로 변환하면서 데이터가 손실될 수 있습니다.
C:\Users\jp430\OneDrive\바탕 화면\OpenGL Project - DA572D\OpenGL Project - DA572D\소스.c(71,47): warning C4244: '함수': 'double'에서 'GLfloat'(으)로 변환하면서 데이터가 손실될 수 있습니다.
C:\Users\jp430\OneDrive\바탕 화면\OpenGL Project - DA572D\OpenGL Project - DA572D\소스.c(72,16): warning C4244: '함수': 'double'에서 'GLfloat'(으)로 변환하면서 데이터가 손실될 수 있습니다.
C:\Users\jp430\OneDrive\바탕 화면\OpenGL Project - DA572D\OpenGL Project - DA572D\소스.c(72,45): warning C4244: '함수': 'double'에서 'GLfloat'(으)로 변환하면서 데이터가 손실될 수 있습니다.
C:\Users\jp430\OneDrive\바탕 화면\OpenGL Project - DA572D\OpenGL Project - DA572D\소스.c(73,18): warning C4244: '함수': 'double'에서 'GLfloat'(으)로 변환하면서 데이터가 손실될 수 있습니다.
C:\Users\jp430\OneDrive\바탕 화면\OpenGL Project - DA572D\OpenGL Project - DA572D\소스.c(73,50): warning C4244: '함수': 'double'에서 'GLfloat'(으)로 변환하면서 데이터가 손실될 수 있습니다.
C:\Users\jp430\OneDrive\바탕 화면\OpenGL Project - DA572D\OpenGL Project - DA572D\소스.c(74,25): warning C4244: '함수': 'double'에서 'GLfloat'(으)로 변환하면서 데이터가 손실될 수 있습니다.
C:\Users\jp430\OneDrive\바탕 화면\OpenGL Project - DA572D\OpenGL Project - DA572D\소스.c(74,63): warning C4244: '함수': 'double'에서 'GLfloat'(으)로 변환하면서 데이터가 손실될 수 있습니다.
C:\Users\jp430\OneDrive\바탕 화면\OpenGL Project - DA572D\OpenGL Project - DA572D\소스.c(75,25): warning C4244: '함수': 'double'에서 'GLfloat'(으)로 변환하면서 데이터가 손실될 수 있습니다.
C:\Users\jp430\OneDrive\바탕 화면\OpenGL Project - DA572D\OpenGL Project - DA572D\소스.c(75,69): warning C4244: '함수': 'double'에서 'GLfloat'(으)로 변환하면서 데이터가 손실될 수 있습니다.
C:\Users\jp430\OneDrive\바탕 화면\OpenGL Project - DA572D\OpenGL Project - DA572D\소스.c(76,19): warning C4244: '함수': 'double'에서 'GLfloat'(으)로 변환하면서 데이터가 손실될 수 있습니다.
C:\Users\jp430\OneDrive\바탕 화면\OpenGL Project - DA572D\OpenGL Project - DA572D\소스.c(76,56): warning C4244: '함수': 'double'에서 'GLfloat'(으)로 변환하면서 데이터가 손실될 수 있습니다.
C:\Users\jp430\OneDrive\바탕 화면\OpenGL Project - DA572D\OpenGL Project - DA572D\소스.c(80,18): warning C4244: '함수': 'double'에서 'GLfloat'(으)로 변환하면서 데이터가 손실될 수 있습니다.
C:\Users\jp430\OneDrive\바탕 화면\OpenGL Project - DA572D\OpenGL Project - DA572D\소스.c(80,56): warning C4244: '함수': 'double'에서 'GLfloat'(으)로 변환하면서 데이터가 손실될 수 있습니다.
C:\Users\jp430\OneDrive\바탕 화면\OpenGL Project - DA572D\OpenGL Project - DA572D\소스.c(81,16): warning C4244: '함수': 'double'에서 'GLfloat'(으)로 변환하면서 데이터가 손실될 수 있습니다.
C:\Users\jp430\OneDrive\바탕 화면\OpenGL Project - DA572D\OpenGL Project - DA572D\소스.c(81,47): warning C4244: '함수': 'double'에서 'GLfloat'(으)로 변환하면서 데이터가 손실될 수 있습니다.
C:\Users\jp430\OneDrive\바탕 화면\OpenGL Project - DA572D\OpenGL Project - DA572D\소스.c(82,18): warning C4244: '함수': 'double'에서 'GLfloat'(으)로 변환하면서 데이터가 손실될 수 있습니다.
C:\Users\jp430\OneDrive\바탕 화면\OpenGL Project - DA572D\OpenGL Project - DA572D\소스.c(82,56): warning C4244: '함수': 'double'에서 'GLfloat'(으)로 변환하면서 데이터가 손실될 수 있습니다.
C:\Users\jp430\OneDrive\바탕 화면\OpenGL Project - DA572D\OpenGL Project - DA572D\소스.c(83,18): warning C4244: '함수': 'double'에서 'GLfloat'(으)로 변환하면서 데이터가 손실될 수 있습니다.
C:\Users\jp430\OneDrive\바탕 화면\OpenGL Project - DA572D\OpenGL Project - DA572D\소스.c(83,50): warning C4244: '함수': 'double'에서 'GLfloat'(으)로 변환하면서 데이터가 손실될 수 있습니다.
C:\Users\jp430\OneDrive\바탕 화면\OpenGL Project - DA572D\OpenGL Project - DA572D\소스.c(84,18): warning C4244: '함수': 'double'에서 'GLfloat'(으)로 변환하면서 데이터가 손실될 수 있습니다.
C:\Users\jp430\OneDrive\바탕 화면\OpenGL Project - DA572D\OpenGL Project - DA572D\소스.c(84,56): warning C4244: '함수': 'double'에서 'GLfloat'(으)로 변환하면서 데이터가 손실될 수 있습니다.
C:\Users\jp430\OneDrive\바탕 화면\OpenGL Project - DA572D\OpenGL Project - DA572D\소스.c(85,25): warning C4244: '함수': 'double'에서 'GLfloat'(으)로 변환하면서 데이터가 손실될 수 있습니다.
C:\Users\jp430\OneDrive\바탕 화면\OpenGL Project - DA572D\OpenGL Project - DA572D\소스.c(85,69): warning C4244: '함수': 'double'에서 'GLfloat'(으)로 변환하면서 데이터가 손실될 수 있습니다.
  OpenGL Project - DA572D.vcxproj -> C:\Users\jp430\OneDrive\바탕 화면\OpenGL Project - DA572D\x64\Debug\OpenGL Project - DA572D.exe
